<?xml version="1.0" encoding="UTF-8" ?>
<testsuite errors="0" failures="1" hostname="laptop" name="com.datastructure.types.LinkedListTest" skipped="0" tests="3" time="0.068" timestamp="2017-09-11T20:28:32">
  <properties>
[...]
</properties>
  <testcase classname="com.datastructure.types.LinkedListTest" name="testAppend" time="0.003" />
  <testcase classname="com.datastructure.types.LinkedListTest" name="testIndexOf" time="0.005">
    <failure message="expected:&lt;1&gt; but was:&lt;0&gt;" type="junit.framework.AssertionFailedError">junit.framework.AssertionFailedError: expected:&lt;1&gt; but was:&lt;0&gt;
	at com.datastructure.types.LinkedListTest.testIndexOf(LinkedListTest.java:83)
</failure>
  </testcase>
  <testcase classname="com.datastructure.types.LinkedListTest" name="testRemove" time="0.001" />
  <system-out><![CDATA[Test IndexOf
Test Remove
]]></system-out>
  <system-err><![CDATA[]]></system-err>
</testsuite>
